[16:05:27] [Paper Plugin Remapper Thread - 1/INFO]: [ReobfServer] Remapping server...
[16:05:33] [ServerMain/INFO]: Environment: Environment[sessionHost=https://sessionserver.mojang.com, servicesHost=https://api.minecraftservices.com, name=PROD]
[16:05:33] [ServerMain/INFO]: Found new data pack file/bukkit, loading it automatically
[16:05:33] [ServerMain/INFO]: Found new data pack paper, loading it automatically
[16:05:35] [Paper Plugin Remapper Thread - 1/INFO]: [ReobfServer] Done remapping server in 7707ms.
[16:05:35] [ServerMain/INFO]: Loaded 1175 recipes
[16:05:35] [ServerMain/INFO]: Loaded 1276 advancements
[16:05:36] [Server thread/INFO]: Starting minecraft server version 1.20.6
[16:05:36] [Server thread/INFO]: Loading properties
[16:05:36] [Server thread/INFO]: This server is running Paper version 1.20.6-151-ver/1.20.6@a4f0f5c (2024-10-30T19:13:22Z) (Implementing API version 1.20.6-R0.1-SNAPSHOT)
[16:05:37] [Server thread/INFO]: Server Ping Player Sample Count: 12
[16:05:37] [Server thread/INFO]: Using 4 threads for Netty based IO
[16:05:38] [Server thread/WARN]: [!] The timings profiler has been enabled but has been scheduled for removal from Paper in the future.
    We recommend installing the spark profiler as a replacement: https://spark.lucko.me/
    For more information please visit: https://github.com/PaperMC/Paper/issues/8948
[16:05:38] [Server thread/INFO]: [ChunkTaskScheduler] Chunk system is using 1 I/O threads, 6 worker threads, and gen parallelism of 6 threads
[16:05:38] [Server thread/INFO]: Default game type: SURVIVAL
[16:05:38] [Server thread/INFO]: Generating keypair
[16:05:38] [Server thread/INFO]: Starting Minecraft server on *:25565
[16:05:38] [Server thread/INFO]: Using epoll channel type
[16:05:38] [Server thread/INFO]: Paper: Using libdeflate (Linux x86_64) compression from Velocity.
[16:05:38] [Server thread/INFO]: Paper: Using OpenSSL 3.0.x (Linux x86_64) cipher from Velocity.
[16:05:38] [Server thread/WARN]: **** SERVER IS RUNNING IN OFFLINE/INSECURE MODE!
[16:05:38] [Server thread/WARN]: The server will make no attempt to authenticate usernames. Beware.
[16:05:38] [Server thread/WARN]: While this makes the game possible to play without internet access, it also opens up the ability for hackers to connect with any username they choose.
[16:05:38] [Server thread/WARN]: To change this, set "online-mode" to "true" in the server.properties file.
[16:05:38] [Server thread/INFO]: Preparing level "world"
[16:05:39] [Server thread/INFO]: ---- Migration of old nether folder required ----
[16:05:39] [Server thread/INFO]: Unfortunately due to the way that Minecraft implemented multiworld support in 1.6, Bukkit requires that you move your nether folder to a new location in order to operate correctly.
[16:05:39] [Server thread/INFO]: We will move this folder for you, but it will mean that you need to move it back should you wish to stop using Bukkit in the future.
[16:05:39] [Server thread/INFO]: Attempting to move world/DIM-1 to world_nether/DIM-1...
[16:05:39] [Server thread/INFO]: Success! To restore nether in the future, simply move world_nether/DIM-1 to world/DIM-1
[16:05:39] [Server thread/INFO]: ---- Migration of old nether folder complete ----
[16:05:39] [Server thread/INFO]: ---- Migration of old the_end folder required ----
[16:05:39] [Server thread/INFO]: Unfortunately due to the way that Minecraft implemented multiworld support in 1.6, Bukkit requires that you move your the_end folder to a new location in order to operate correctly.
[16:05:39] [Server thread/INFO]: We will move this folder for you, but it will mean that you need to move it back should you wish to stop using Bukkit in the future.
[16:05:39] [Server thread/INFO]: Attempting to move world/DIM1 to world_the_end/DIM1...
[16:05:39] [Server thread/INFO]: Success! To restore the_end in the future, simply move world_the_end/DIM1 to world/DIM1
[16:05:39] [Server thread/INFO]: ---- Migration of old the_end folder complete ----
[16:05:39] [Server thread/INFO]: Preparing start region for dimension minecraft:overworld
[16:05:40] [Tuinity Chunk System Worker #1/WARN]: java.lang.RuntimeException: Server attempted to load chunk saved with newer version of minecraft! 3955 > 3839
[16:05:40] [Tuinity Chunk System Worker #1/WARN]: 	at net.minecraft.world.level.chunk.storage.ChunkSerializer.readInProgressChunkHolder(ChunkSerializer.java:150)
[16:05:40] [Tuinity Chunk System Worker #1/WARN]: 	at io.papermc.paper.chunk.system.scheduling.ChunkLoadTask$ChunkDataLoadTask.runOffMain(ChunkLoadTask.java:338)
[16:05:40] [Tuinity Chunk System Worker #1/WARN]: 	at io.papermc.paper.chunk.system.scheduling.GenericDataLoadTask$ProcessOffMainTask.run(GenericDataLoadTask.java:307)
[16:05:40] [Tuinity Chunk System Worker #1/WARN]: 	at ca.spottedleaf.concurrentutil.executor.standard.PrioritisedThreadedTaskQueue$PrioritisedTask.executeInternal(PrioritisedThreadedTaskQueue.java:351)
[16:05:40] [Tuinity Chunk System Worker #1/WARN]: 	at ca.spottedleaf.concurrentutil.executor.standard.PrioritisedThreadedTaskQueue.executeTask(PrioritisedThreadedTaskQueue.java:118)
[16:05:40] [Tuinity Chunk System Worker #1/WARN]: 	at ca.spottedleaf.concurrentutil.executor.standard.PrioritisedThreadPool$PrioritisedThread.pollTasks(PrioritisedThreadPool.java:274)
[16:05:40] [Tuinity Chunk System Worker #1/WARN]: 	at ca.spottedleaf.concurrentutil.executor.standard.PrioritisedQueueExecutorThread.run(PrioritisedQueueExecutorThread.java:50)
[16:05:40] [Tuinity Chunk System Worker #3/WARN]: java.lang.RuntimeException: Server attempted to load chunk saved with newer version of minecraft! 3955 > 3839
[16:05:40] [Tuinity Chunk System Worker #3/WARN]: 	at net.minecraft.world.level.chunk.storage.ChunkSerializer.readInProgressChunkHolder(ChunkSerializer.java:150)
[16:05:40] [Tuinity Chunk System Worker #3/WARN]: 	at io.papermc.paper.chunk.system.scheduling.ChunkLoadTask$ChunkDataLoadTask.runOffMain(ChunkLoadTask.java:338)
[16:05:40] [Tuinity Chunk System Worker #3/WARN]: 	at io.papermc.paper.chunk.system.scheduling.GenericDataLoadTask$ProcessOffMainTask.run(GenericDataLoadTask.java:307)
[16:05:40] [Tuinity Chunk System Worker #3/WARN]: 	at ca.spottedleaf.concurrentutil.executor.standard.PrioritisedThreadedTaskQueue$PrioritisedTask.executeInternal(PrioritisedThreadedTaskQueue.java:351)
[16:05:40] [Tuinity Chunk System Worker #3/WARN]: 	at ca.spottedleaf.concurrentutil.executor.standard.PrioritisedThreadedTaskQueue.executeTask(PrioritisedThreadedTaskQueue.java:118)
[16:05:40] [Tuinity Chunk System Worker #3/WARN]: 	at ca.spottedleaf.concurrentutil.executor.standard.PrioritisedThreadPool$PrioritisedThread.pollTasks(PrioritisedThreadPool.java:274)
[16:05:40] [Tuinity Chunk System Worker #3/WARN]: 	at ca.spottedleaf.concurrentutil.executor.standard.PrioritisedQueueExecutorThread.run(PrioritisedQueueExecutorThread.java:50)
[16:05:40] [Tuinity Chunk System Worker #5/WARN]: java.lang.RuntimeException: Server attempted to load chunk saved with newer version of minecraft! 3955 > 3839
[16:05:40] [Tuinity Chunk System Worker #5/WARN]: 	at net.minecraft.world.level.chunk.storage.ChunkSerializer.readInProgressChunkHolder(ChunkSerializer.java:150)
[16:05:40] [Tuinity Chunk System Worker #5/WARN]: 	at io.papermc.paper.chunk.system.scheduling.ChunkLoadTask$ChunkDataLoadTask.runOffMain(ChunkLoadTask.java:338)
[16:05:40] [Tuinity Chunk System Worker #5/WARN]: 	at io.papermc.paper.chunk.system.scheduling.GenericDataLoadTask$ProcessOffMainTask.run(GenericDataLoadTask.java:307)
[16:05:40] [Tuinity Chunk System Worker #5/WARN]: 	at ca.spottedleaf.concurrentutil.executor.standard.PrioritisedThreadedTaskQueue$PrioritisedTask.executeInternal(PrioritisedThreadedTaskQueue.java:351)
[16:05:40] [Tuinity Chunk System Worker #5/WARN]: 	at ca.spottedleaf.concurrentutil.executor.standard.PrioritisedThreadedTaskQueue.executeTask(PrioritisedThreadedTaskQueue.java:118)
[16:05:40] [Tuinity Chunk System Worker #5/WARN]: 	at ca.spottedleaf.concurrentutil.executor.standard.PrioritisedThreadPool$PrioritisedThread.pollTasks(PrioritisedThreadPool.java:274)
[16:05:40] [Tuinity Chunk System Worker #5/WARN]: 	at ca.spottedleaf.concurrentutil.executor.standard.PrioritisedQueueExecutorThread.run(PrioritisedQueueExecutorThread.java:50)
[16:05:40] [Tuinity Chunk System Worker #2/WARN]: java.lang.RuntimeException: Server attempted to load chunk saved with newer version of minecraft! 3955 > 3839
[16:05:40] [Tuinity Chunk System Worker #2/WARN]: 	at net.minecraft.world.level.chunk.storage.ChunkSerializer.readInProgressChunkHolder(ChunkSerializer.java:150)
[16:05:40] [Tuinity Chunk System Worker #2/WARN]: 	at io.papermc.paper.chunk.system.scheduling.ChunkLoadTask$ChunkDataLoadTask.runOffMain(ChunkLoadTask.java:338)
[16:05:40] [Tuinity Chunk System Worker #2/WARN]: 	at io.papermc.paper.chunk.system.scheduling.GenericDataLoadTask$ProcessOffMainTask.run(GenericDataLoadTask.java:307)
[16:05:40] [Tuinity Chunk System Worker #2/WARN]: 	at ca.spottedleaf.concurrentutil.executor.standard.PrioritisedThreadedTaskQueue$PrioritisedTask.executeInternal(PrioritisedThreadedTaskQueue.java:351)
[16:05:40] [Tuinity Chunk System Worker #2/WARN]: 	at ca.spottedleaf.concurrentutil.executor.standard.PrioritisedThreadedTaskQueue.executeTask(PrioritisedThreadedTaskQueue.java:118)
[16:05:40] [Tuinity Chunk System Worker #2/WARN]: 	at ca.spottedleaf.concurrentutil.executor.standard.PrioritisedThreadPool$PrioritisedThread.pollTasks(PrioritisedThreadPool.java:274)
[16:05:40] [Tuinity Chunk System Worker #2/WARN]: 	at ca.spottedleaf.concurrentutil.executor.standard.PrioritisedQueueExecutorThread.run(PrioritisedQueueExecutorThread.java:50)
[16:05:40] [Tuinity Chunk System Worker #0/WARN]: java.lang.RuntimeException: Server attempted to load chunk saved with newer version of minecraft! 3955 > 3839
[16:05:40] [Tuinity Chunk System Worker #0/WARN]: 	at net.minecraft.world.level.chunk.storage.ChunkSerializer.readInProgressChunkHolder(ChunkSerializer.java:150)
[16:05:40] [Tuinity Chunk System Worker #0/WARN]: 	at io.papermc.paper.chunk.system.scheduling.ChunkLoadTask$ChunkDataLoadTask.runOffMain(ChunkLoadTask.java:338)
[16:05:40] [Tuinity Chunk System Worker #0/WARN]: 	at io.papermc.paper.chunk.system.scheduling.GenericDataLoadTask$ProcessOffMainTask.run(GenericDataLoadTask.java:307)
[16:05:40] [Tuinity Chunk System Worker #0/WARN]: 	at ca.spottedleaf.concurrentutil.executor.standard.PrioritisedThreadedTaskQueue$PrioritisedTask.executeInternal(PrioritisedThreadedTaskQueue.java:351)
[16:05:40] [Tuinity Chunk System Worker #0/WARN]: 	at ca.spottedleaf.concurrentutil.executor.standard.PrioritisedThreadedTaskQueue.executeTask(PrioritisedThreadedTaskQueue.java:118)
[16:05:40] [Tuinity Chunk System Worker #0/WARN]: 	at ca.spottedleaf.concurrentutil.executor.standard.PrioritisedThreadPool$PrioritisedThread.pollTasks(PrioritisedThreadPool.java:274)
[16:05:40] [Tuinity Chunk System Worker #0/WARN]: 	at ca.spottedleaf.concurrentutil.executor.standard.PrioritisedQueueExecutorThread.run(PrioritisedQueueExecutorThread.java:50)
[16:05:40] [Tuinity Chunk System Worker #4/WARN]: java.lang.RuntimeException: Server attempted to load chunk saved with newer version of minecraft! 3955 > 3839
[16:05:40] [Tuinity Chunk System Worker #4/WARN]: 	at net.minecraft.world.level.chunk.storage.ChunkSerializer.readInProgressChunkHolder(ChunkSerializer.java:150)
[16:05:40] [Tuinity Chunk System Worker #4/WARN]: 	at io.papermc.paper.chunk.system.scheduling.ChunkLoadTask$ChunkDataLoadTask.runOffMain(ChunkLoadTask.java:338)
[16:05:40] [Tuinity Chunk System Worker #4/WARN]: 	at io.papermc.paper.chunk.system.scheduling.GenericDataLoadTask$ProcessOffMainTask.run(GenericDataLoadTask.java:307)
[16:05:40] [Tuinity Chunk System Worker #4/WARN]: 	at ca.spottedleaf.concurrentutil.executor.standard.PrioritisedThreadedTaskQueue$PrioritisedTask.executeInternal(PrioritisedThreadedTaskQueue.java:351)
[16:05:40] [Tuinity Chunk System Worker #4/WARN]: 	at ca.spottedleaf.concurrentutil.executor.standard.PrioritisedThreadedTaskQueue.executeTask(PrioritisedThreadedTaskQueue.java:118)
[16:05:40] [Tuinity Chunk System Worker #4/WARN]: 	at ca.spottedleaf.concurrentutil.executor.standard.PrioritisedThreadPool$PrioritisedThread.pollTasks(PrioritisedThreadPool.java:274)
[16:05:40] [Tuinity Chunk System Worker #4/WARN]: 	at ca.spottedleaf.concurrentutil.executor.standard.PrioritisedQueueExecutorThread.run(PrioritisedQueueExecutorThread.java:50)
[16:05:41] [Thread-0/INFO]: Stopping main thread (Ignore any thread death message you see! - DO NOT REPORT THREAD DEATH TO PAPER)
