[21:45:32] [ServerMain/INFO]: [bootstrap] Running Java 21 (OpenJDK 64-Bit Server VM 21.0.7+6-LTS; Eclipse Adoptium Temurin-21.0.7+6) on Linux 6.1.0-0.deb11.21-amd64 (amd64)
[21:45:32] [ServerMain/INFO]: [bootstrap] Loading Paper 1.21.8-56-main@65641d1 (2025-08-29T20:44:17Z) for Minecraft 1.21.8
[21:45:33] [ServerMain/INFO]: [PluginInitializerManager] Initializing plugins...
[21:45:33] [ServerMain/INFO]: [PluginInitializerManager] Initialized 0 plugins
[21:45:47] [ServerMain/INFO]: Environment: Environment[sessionHost=https://sessionserver.mojang.com, servicesHost=https://api.minecraftservices.com, name=PROD]
[21:45:51] [ServerMain/INFO]: Loaded 1407 recipes
[21:45:51] [ServerMain/INFO]: Loaded 1520 advancements
[21:45:51] [ServerMain/INFO]: [ca.spottedleaf.dataconverter.minecraft.datatypes.MCTypeRegistry] Initialising converters for DataConverter...
[21:45:53] [ServerMain/INFO]: [ca.spottedleaf.dataconverter.minecraft.datatypes.MCTypeRegistry] Finished initialising converters for DataConverter in 1,398.8ms
[21:45:53] [Server thread/INFO]: Starting minecraft server version 1.21.8
[21:45:53] [Server thread/INFO]: Loading properties
[21:45:53] [Server thread/INFO]: This server is running Paper version 1.21.8-56-main@65641d1 (2025-08-29T20:44:17Z) (Implementing API version 1.21.8-R0.1-SNAPSHOT)
[21:45:53] [Server thread/INFO]: [spark] This server bundles the spark profiler. For more information please visit https://docs.papermc.io/paper/profiling
[21:45:54] [Server thread/INFO]: Server Ping Player Sample Count: 12
[21:45:54] [Server thread/INFO]: Using 4 threads for Netty based IO
[21:45:55] [Server thread/INFO]: [MoonriseCommon] Paper is using 6 worker threads, 1 I/O threads
[21:45:55] [Server thread/INFO]: [ChunkTaskScheduler] Chunk system is using population gen parallelism: true
[21:45:56] [Server thread/INFO]: Default game type: SURVIVAL
[21:45:56] [Server thread/INFO]: Generating keypair
[21:45:56] [Server thread/INFO]: Starting Minecraft server on *:25565
[21:45:56] [Server thread/INFO]: Using epoll channel type
[21:45:56] [Server thread/INFO]: Paper: Using libdeflate (Linux x86_64) compression from Velocity.
[21:45:56] [Server thread/INFO]: Paper: Using OpenSSL 3.x.x (Linux x86_64) cipher from Velocity.
[21:45:57] [Server thread/INFO]: Server permissions file permissions.yml is empty, ignoring it
[21:45:57] [Server thread/WARN]: **** SERVER IS RUNNING IN OFFLINE/INSECURE MODE!
[21:45:57] [Server thread/WARN]: The server will make no attempt to authenticate usernames. Beware.
[21:45:57] [Server thread/WARN]: While this makes the game possible to play without internet access, it also opens up the ability for hackers to connect with any username they choose.
[21:45:57] [Server thread/WARN]: To change this, set "online-mode" to "true" in the server.properties file.
[21:45:57] [Server thread/INFO]: Preparing level "world"
[21:45:58] [Server thread/INFO]: Preparing start region for dimension minecraft:overworld
[21:45:59] [Server thread/INFO]: Preparing spawn area: 0%
[21:45:59] [Server thread/INFO]: Preparing spawn area: 0%
[21:46:00] [Server thread/INFO]: Preparing spawn area: 2%
[21:46:00] [Server thread/INFO]: Preparing spawn area: 2%
[21:46:00] [Server thread/INFO]: Preparing spawn area: 2%
[21:46:00] [Server thread/INFO]: Time elapsed: 2215 ms
[21:46:00] [Server thread/INFO]: Preparing start region for dimension minecraft:the_nether
[21:46:00] [Server thread/INFO]: Preparing spawn area: 0%
[21:46:00] [Server thread/INFO]: Time elapsed: 173 ms
[21:46:00] [Server thread/INFO]: Preparing start region for dimension minecraft:the_end
[21:46:01] [Server thread/INFO]: Preparing spawn area: 0%
[21:46:01] [Server thread/INFO]: Time elapsed: 123 ms
[21:46:01] [Server thread/INFO]: [spark] Starting background profiler...
[21:46:02] [Server thread/INFO]: Done preparing level "world" (5.568s)
[21:46:02] [Server thread/INFO]: Starting remote control listener
[21:46:02] [Server thread/INFO]: Thread RCON Listener started
[21:46:02] [Server thread/INFO]: RCON running on 0.0.0.0:25575
[21:46:02] [Server thread/INFO]: Running delayed init tasks
[21:46:02] [Server thread/INFO]: Done (34.053s)! For help, type "help"
[21:47:08] [Server thread/INFO]: Stopping server
[21:47:08] [Server thread/INFO]: Saving players
[21:47:08] [Server thread/INFO]: Saving worlds
[21:47:08] [Server thread/INFO]: Saving chunks for level 'ServerLevel[world]'/minecraft:overworld
[21:47:08] [Server thread/INFO]: [ChunkHolderManager] Waiting 60s for chunk system to halt for world 'world'
[21:47:08] [Server thread/INFO]: [ChunkHolderManager] Halted chunk system for world 'world'
[21:47:08] [Server thread/INFO]: [ChunkHolderManager] Saving all chunkholders for world 'world'
[21:47:09] [Server thread/INFO]: [ChunkHolderManager] Saved 49 block chunks, 49 entity chunks, 0 poi chunks in world 'world' in 0.30s
[21:47:09] [Server thread/INFO]: [ChunkHolderManager] Waiting 60s for chunk I/O to halt for world 'world'
[21:47:09] [Server thread/INFO]: [ChunkHolderManager] Halted I/O scheduler for world 'world'
[21:47:09] [Server thread/INFO]: Saving chunks for level 'ServerLevel[world_nether]'/minecraft:the_nether
[21:47:09] [Server thread/INFO]: [ChunkHolderManager] Waiting 60s for chunk system to halt for world 'world_nether'
[21:47:09] [Server thread/INFO]: [ChunkHolderManager] Halted chunk system for world 'world_nether'
[21:47:09] [Server thread/INFO]: [ChunkHolderManager] Saving all chunkholders for world 'world_nether'
[21:47:09] [Server thread/INFO]: [ChunkHolderManager] Saved 49 block chunks, 49 entity chunks, 0 poi chunks in world 'world_nether' in 0.06s
[21:47:09] [Server thread/INFO]: [ChunkHolderManager] Waiting 60s for chunk I/O to halt for world 'world_nether'
[21:47:09] [Server thread/INFO]: [ChunkHolderManager] Halted I/O scheduler for world 'world_nether'
[21:47:09] [Server thread/INFO]: Saving chunks for level 'ServerLevel[world_the_end]'/minecraft:the_end
[21:47:09] [Server thread/INFO]: [ChunkHolderManager] Waiting 60s for chunk system to halt for world 'world_the_end'
[21:47:09] [Server thread/INFO]: [ChunkHolderManager] Halted chunk system for world 'world_the_end'
[21:47:09] [Server thread/INFO]: [ChunkHolderManager] Saving all chunkholders for world 'world_the_end'
[21:47:09] [Server thread/INFO]: [ChunkHolderManager] Saved 49 block chunks, 49 entity chunks, 0 poi chunks in world 'world_the_end' in 0.03s
[21:47:09] [Server thread/INFO]: [ChunkHolderManager] Waiting 60s for chunk I/O to halt for world 'world_the_end'
[21:47:09] [Server thread/INFO]: [ChunkHolderManager] Halted I/O scheduler for world 'world_the_end'
[21:47:09] [Server thread/INFO]: ThreadedAnvilChunkStorage (world): All chunks are saved
[21:47:09] [Server thread/INFO]: ThreadedAnvilChunkStorage (DIM-1): All chunks are saved
[21:47:09] [Server thread/INFO]: ThreadedAnvilChunkStorage (DIM1): All chunks are saved
[21:47:09] [Server thread/INFO]: ThreadedAnvilChunkStorage: All dimensions are saved
[21:47:09] [Server thread/INFO]: Waiting for all RegionFile I/O tasks to complete...
[21:47:09] [Server thread/INFO]: All RegionFile I/O tasks to complete
[21:47:09] [Server thread/INFO]: [MoonriseCommon] Awaiting termination of worker pool for up to 60s...
[21:47:09] [Server thread/INFO]: [MoonriseCommon] Awaiting termination of I/O pool for up to 60s...
