[00:50:19] [ServerMain/INFO]: Environment: Environment[sessionHost=https://sessionserver.mojang.com, servicesHost=https://api.minecraftservices.com, name=PROD]
[00:50:22] [ServerMain/INFO]: Loaded 1337 recipes
[00:50:22] [ServerMain/INFO]: Loaded 1448 advancements
[00:50:22] [Server thread/INFO]: Starting minecraft server version 1.21.3
[00:50:22] [Server thread/INFO]: Loading properties
[00:50:22] [Server thread/INFO]: Default game type: SURVIVAL
[00:50:22] [Server thread/INFO]: Generating keypair
[00:50:22] [Server thread/INFO]: Starting Minecraft server on *:25565
[00:50:22] [Server thread/INFO]: Using epoll channel type
[00:50:22] [Server thread/WARN]: **** SERVER IS RUNNING IN OFFLINE/INSECURE MODE!
[00:50:22] [Server thread/WARN]: The server will make no attempt to authenticate usernames. Beware.
[00:50:22] [Server thread/WARN]: While this makes the game possible to play without internet access, it also opens up the ability for hackers to connect with any username they choose.
[00:50:22] [Server thread/WARN]: To change this, set "online-mode" to "true" in the server.properties file.
[00:50:23] [Server thread/INFO]: Preparing level "world"
[00:50:23] [Server thread/INFO]: Preparing start region for dimension minecraft:overworld
[00:50:24] [Worker-Main-19/INFO]: Preparing spawn area: 0%
[00:50:24] [Worker-Main-19/INFO]: Preparing spawn area: 0%
[00:50:24] [Worker-Main-19/INFO]: Preparing spawn area: 0%
[00:50:24] [Worker-Main-9/INFO]: Preparing spawn area: 28%
[00:50:25] [Worker-Main-20/INFO]: Preparing spawn area: 81%
[00:50:25] [Server thread/INFO]: Time elapsed: 2102 ms
[00:50:25] [Server thread/INFO]: Done (2.501s)! For help, type "help"
[00:50:25] [Server thread/INFO]: Starting remote control listener
[00:50:25] [Server thread/INFO]: Thread RCON Listener started
[00:50:25] [Server thread/INFO]: RCON running on 0.0.0.0:25575
[00:51:25] [Server thread/INFO]: Server empty for 60 seconds, pausing
